2019-02-02 13:25:01--INFO -baseutil.TestBase-main:Browser instance created
2019-02-02 13:25:03--INFO -baseutil.TestBase-main:Browser Maximized
2019-02-02 13:25:05--INFO -baseutil.TestBase-main:Application Launched
2019-02-02 13:25:05--INFO -pagefunction.LoginPage-main:UserName Entered successfully
2019-02-02 13:25:05--INFO -pagefunction.LoginPage-main:Password Entered successfully
2019-02-02 13:25:45--INFO -pagefunction.LoginPage-main:Clicked on Login button successfully
2019-02-02 13:25:45--INFO -com.gs.selenium.testcases.LoginTest-main:Login Test Done
2019-02-02 17:02:17--INFO -baseutil.TestBase-main:Browser instance created
2019-02-02 17:02:19--INFO -baseutil.TestBase-main:Browser Maximized
2019-02-02 17:02:22--INFO -baseutil.TestBase-main:Application Launched
2019-02-02 17:02:22--INFO -pagefunction.LoginPage-main:UserName Entered successfully
2019-02-02 17:02:22--INFO -pagefunction.LoginPage-main:Password Entered successfully
2019-02-02 17:02:27--INFO -pagefunction.LoginPage-main:Clicked on Login button successfully
2019-02-02 17:02:27--INFO -com.gs.selenium.testcases.LoginTest-main:Login Test Done
2019-02-03 11:33:17--INFO -baseutil.TestBase-main:Browser instance created
2019-02-03 11:33:19--INFO -baseutil.TestBase-main:Browser Maximized
2019-02-03 11:33:22--INFO -baseutil.TestBase-main:Application Launched
2019-02-03 11:33:22--INFO -pagefunction.LoginPage-main:UserName Entered successfully
2019-02-03 11:33:22--INFO -pagefunction.LoginPage-main:Password Entered successfully
2019-02-03 11:33:27--INFO -pagefunction.LoginPage-main:Clicked on Login button successfully
2019-02-03 11:33:27--INFO -com.gs.selenium.testcases.LoginTest-main:Login Test Done
2019-02-03 12:22:47--INFO -baseutil.TestBase-main:Browser instance created
2019-02-03 12:22:48--INFO -baseutil.TestBase-main:Browser Maximized
2019-02-03 12:22:50--INFO -baseutil.TestBase-main:Application Launched
2019-02-03 12:22:50--INFO -pagefunction.LoginPage-main:UserName Entered successfully
2019-02-03 12:22:50--INFO -pagefunction.LoginPage-main:Password Entered successfully
2019-02-03 12:22:55--INFO -pagefunction.LoginPage-main:Clicked on Login button successfully
2019-02-03 12:22:55--INFO -com.gs.selenium.testcases.LoginTest-main:Login Test Done
2019-02-03 12:22:55--DEBUG-freemarker.cache-main:Couldn't find template in cache for "index.ftl"("en", UTF-8, parsed); will try to load it.
2019-02-03 12:22:55--DEBUG-freemarker.cache-main:TemplateLoader.findTemplateSource("index_en.ftl"): Not found
2019-02-03 12:22:55--DEBUG-freemarker.cache-main:TemplateLoader.findTemplateSource("index.ftl"): Found
2019-02-03 12:22:55--DEBUG-freemarker.cache-main:Loading template for "index.ftl"("en", UTF-8, parsed) from "jar:file:/C:/Users/Gyansetu/.m2/repository/com/aventstack/extentreports/3.1.5/extentreports-3.1.5.jar!/com/aventstack/extentreports/view/html-report/index.ftl"
2019-02-03 12:22:55--DEBUG-freemarker.cache-main:Couldn't find template in cache for "head.ftl"("en", UTF-8, parsed); will try to load it.
2019-02-03 12:22:55--DEBUG-freemarker.cache-main:TemplateLoader.findTemplateSource("head_en.ftl"): Not found
2019-02-03 12:22:55--DEBUG-freemarker.cache-main:TemplateLoader.findTemplateSource("head.ftl"): Found
2019-02-03 12:22:55--DEBUG-freemarker.cache-main:Loading template for "head.ftl"("en", UTF-8, parsed) from "jar:file:/C:/Users/Gyansetu/.m2/repository/com/aventstack/extentreports/3.1.5/extentreports-3.1.5.jar!/com/aventstack/extentreports/view/html-report/head.ftl"
2019-02-03 12:22:55--DEBUG-freemarker.cache-main:Couldn't find template in cache for "nav.ftl"("en", UTF-8, parsed); will try to load it.
2019-02-03 12:22:55--DEBUG-freemarker.cache-main:TemplateLoader.findTemplateSource("nav_en.ftl"): Not found
2019-02-03 12:22:55--DEBUG-freemarker.cache-main:TemplateLoader.findTemplateSource("nav.ftl"): Found
2019-02-03 12:22:55--DEBUG-freemarker.cache-main:Loading template for "nav.ftl"("en", UTF-8, parsed) from "jar:file:/C:/Users/Gyansetu/.m2/repository/com/aventstack/extentreports/3.1.5/extentreports-3.1.5.jar!/com/aventstack/extentreports/view/html-report/nav.ftl"
2019-02-03 12:22:55--DEBUG-freemarker.cache-main:Couldn't find template in cache for "test-view/test-view.ftl"("en", UTF-8, parsed); will try to load it.
2019-02-03 12:22:55--DEBUG-freemarker.cache-main:TemplateLoader.findTemplateSource("test-view/test-view_en.ftl"): Not found
2019-02-03 12:22:55--DEBUG-freemarker.cache-main:TemplateLoader.findTemplateSource("test-view/test-view.ftl"): Found
2019-02-03 12:22:55--DEBUG-freemarker.cache-main:Loading template for "test-view/test-view.ftl"("en", UTF-8, parsed) from "jar:file:/C:/Users/Gyansetu/.m2/repository/com/aventstack/extentreports/3.1.5/extentreports-3.1.5.jar!/com/aventstack/extentreports/view/html-report/test-view/test-view.ftl"
2019-02-03 12:22:55--DEBUG-freemarker.cache-main:Couldn't find template in cache for "test-view/test-view-charts.ftl"("en", UTF-8, parsed); will try to load it.
2019-02-03 12:22:55--DEBUG-freemarker.cache-main:TemplateLoader.findTemplateSource("test-view/test-view-charts_en.ftl"): Not found
2019-02-03 12:22:55--DEBUG-freemarker.cache-main:TemplateLoader.findTemplateSource("test-view/test-view-charts.ftl"): Found
2019-02-03 12:22:55--DEBUG-freemarker.cache-main:Loading template for "test-view/test-view-charts.ftl"("en", UTF-8, parsed) from "jar:file:/C:/Users/Gyansetu/.m2/repository/com/aventstack/extentreports/3.1.5/extentreports-3.1.5.jar!/com/aventstack/extentreports/view/html-report/test-view/test-view-charts.ftl"
2019-02-03 12:22:55--DEBUG-freemarker.cache-main:Couldn't find template in cache for "test-view/standard.ftl"("en", UTF-8, parsed); will try to load it.
2019-02-03 12:22:55--DEBUG-freemarker.cache-main:TemplateLoader.findTemplateSource("test-view/standard_en.ftl"): Not found
2019-02-03 12:22:55--DEBUG-freemarker.cache-main:TemplateLoader.findTemplateSource("test-view/standard.ftl"): Found
2019-02-03 12:22:55--DEBUG-freemarker.cache-main:Loading template for "test-view/standard.ftl"("en", UTF-8, parsed) from "jar:file:/C:/Users/Gyansetu/.m2/repository/com/aventstack/extentreports/3.1.5/extentreports-3.1.5.jar!/com/aventstack/extentreports/view/html-report/test-view/standard.ftl"
2019-02-03 12:22:55--DEBUG-freemarker.cache-main:Couldn't find template in cache for "category-view/category-view.ftl"("en", UTF-8, parsed); will try to load it.
2019-02-03 12:22:55--DEBUG-freemarker.cache-main:TemplateLoader.findTemplateSource("category-view/category-view_en.ftl"): Not found
2019-02-03 12:22:55--DEBUG-freemarker.cache-main:TemplateLoader.findTemplateSource("category-view/category-view.ftl"): Found
2019-02-03 12:22:55--DEBUG-freemarker.cache-main:Loading template for "category-view/category-view.ftl"("en", UTF-8, parsed) from "jar:file:/C:/Users/Gyansetu/.m2/repository/com/aventstack/extentreports/3.1.5/extentreports-3.1.5.jar!/com/aventstack/extentreports/view/html-report/category-view/category-view.ftl"
2019-02-03 12:22:55--DEBUG-freemarker.cache-main:Couldn't find template in cache for "author-view/author-view.ftl"("en", UTF-8, parsed); will try to load it.
2019-02-03 12:22:55--DEBUG-freemarker.cache-main:TemplateLoader.findTemplateSource("author-view/author-view_en.ftl"): Not found
2019-02-03 12:22:55--DEBUG-freemarker.cache-main:TemplateLoader.findTemplateSource("author-view/author-view.ftl"): Found
2019-02-03 12:22:55--DEBUG-freemarker.cache-main:Loading template for "author-view/author-view.ftl"("en", UTF-8, parsed) from "jar:file:/C:/Users/Gyansetu/.m2/repository/com/aventstack/extentreports/3.1.5/extentreports-3.1.5.jar!/com/aventstack/extentreports/view/html-report/author-view/author-view.ftl"
2019-02-03 12:22:55--DEBUG-freemarker.cache-main:Couldn't find template in cache for "exception-view/exception-view.ftl"("en", UTF-8, parsed); will try to load it.
2019-02-03 12:22:55--DEBUG-freemarker.cache-main:TemplateLoader.findTemplateSource("exception-view/exception-view_en.ftl"): Not found
2019-02-03 12:22:55--DEBUG-freemarker.cache-main:TemplateLoader.findTemplateSource("exception-view/exception-view.ftl"): Found
2019-02-03 12:22:55--DEBUG-freemarker.cache-main:Loading template for "exception-view/exception-view.ftl"("en", UTF-8, parsed) from "jar:file:/C:/Users/Gyansetu/.m2/repository/com/aventstack/extentreports/3.1.5/extentreports-3.1.5.jar!/com/aventstack/extentreports/view/html-report/exception-view/exception-view.ftl"
2019-02-03 12:22:55--DEBUG-freemarker.cache-main:Couldn't find template in cache for "dashboard-view/dashboard-view.ftl"("en", UTF-8, parsed); will try to load it.
2019-02-03 12:22:55--DEBUG-freemarker.cache-main:TemplateLoader.findTemplateSource("dashboard-view/dashboard-view_en.ftl"): Not found
2019-02-03 12:22:55--DEBUG-freemarker.cache-main:TemplateLoader.findTemplateSource("dashboard-view/dashboard-view.ftl"): Found
2019-02-03 12:22:55--DEBUG-freemarker.cache-main:Loading template for "dashboard-view/dashboard-view.ftl"("en", UTF-8, parsed) from "jar:file:/C:/Users/Gyansetu/.m2/repository/com/aventstack/extentreports/3.1.5/extentreports-3.1.5.jar!/com/aventstack/extentreports/view/html-report/dashboard-view/dashboard-view.ftl"
2019-02-03 12:22:55--DEBUG-freemarker.cache-main:Couldn't find template in cache for "logs-view/testrunner-logs-view.ftl"("en", UTF-8, parsed); will try to load it.
2019-02-03 12:22:55--DEBUG-freemarker.cache-main:TemplateLoader.findTemplateSource("logs-view/testrunner-logs-view_en.ftl"): Not found
2019-02-03 12:22:55--DEBUG-freemarker.cache-main:TemplateLoader.findTemplateSource("logs-view/testrunner-logs-view.ftl"): Found
2019-02-03 12:22:55--DEBUG-freemarker.cache-main:Loading template for "logs-view/testrunner-logs-view.ftl"("en", UTF-8, parsed) from "jar:file:/C:/Users/Gyansetu/.m2/repository/com/aventstack/extentreports/3.1.5/extentreports-3.1.5.jar!/com/aventstack/extentreports/view/html-report/logs-view/testrunner-logs-view.ftl"
2019-02-03 12:41:59--INFO -baseutil.TestBase-main:Browser instance created
2019-02-03 12:42:01--INFO -baseutil.TestBase-main:Browser Maximized
2019-02-03 12:42:02--INFO -baseutil.TestBase-main:Application Launched
2019-02-03 12:42:03--INFO -utility.SeleniumUtility-main:Value Entered successfully in UserName textbox
2019-02-03 12:42:03--INFO -utility.SeleniumUtility-main:Value Entered successfully in Password textbox
2019-02-03 12:42:08--INFO -utility.SeleniumUtility-main:Clicked successfully on Login Button
2019-02-03 12:42:11--INFO -com.gs.selenium.testcases.LoginTest-main:Browser closed
2019-02-03 12:42:11--DEBUG-freemarker.cache-main:Couldn't find template in cache for "index.ftl"("en", UTF-8, parsed); will try to load it.
2019-02-03 12:42:11--DEBUG-freemarker.cache-main:TemplateLoader.findTemplateSource("index_en.ftl"): Not found
2019-02-03 12:42:11--DEBUG-freemarker.cache-main:TemplateLoader.findTemplateSource("index.ftl"): Found
2019-02-03 12:42:11--DEBUG-freemarker.cache-main:Loading template for "index.ftl"("en", UTF-8, parsed) from "jar:file:/C:/Users/Gyansetu/.m2/repository/com/aventstack/extentreports/3.1.5/extentreports-3.1.5.jar!/com/aventstack/extentreports/view/html-report/index.ftl"
2019-02-03 12:42:11--DEBUG-freemarker.cache-main:Couldn't find template in cache for "head.ftl"("en", UTF-8, parsed); will try to load it.
2019-02-03 12:42:11--DEBUG-freemarker.cache-main:TemplateLoader.findTemplateSource("head_en.ftl"): Not found
2019-02-03 12:42:11--DEBUG-freemarker.cache-main:TemplateLoader.findTemplateSource("head.ftl"): Found
2019-02-03 12:42:11--DEBUG-freemarker.cache-main:Loading template for "head.ftl"("en", UTF-8, parsed) from "jar:file:/C:/Users/Gyansetu/.m2/repository/com/aventstack/extentreports/3.1.5/extentreports-3.1.5.jar!/com/aventstack/extentreports/view/html-report/head.ftl"
2019-02-03 12:42:11--DEBUG-freemarker.cache-main:Couldn't find template in cache for "nav.ftl"("en", UTF-8, parsed); will try to load it.
2019-02-03 12:42:11--DEBUG-freemarker.cache-main:TemplateLoader.findTemplateSource("nav_en.ftl"): Not found
2019-02-03 12:42:11--DEBUG-freemarker.cache-main:TemplateLoader.findTemplateSource("nav.ftl"): Found
2019-02-03 12:42:11--DEBUG-freemarker.cache-main:Loading template for "nav.ftl"("en", UTF-8, parsed) from "jar:file:/C:/Users/Gyansetu/.m2/repository/com/aventstack/extentreports/3.1.5/extentreports-3.1.5.jar!/com/aventstack/extentreports/view/html-report/nav.ftl"
2019-02-03 12:42:11--DEBUG-freemarker.cache-main:Couldn't find template in cache for "test-view/test-view.ftl"("en", UTF-8, parsed); will try to load it.
2019-02-03 12:42:11--DEBUG-freemarker.cache-main:TemplateLoader.findTemplateSource("test-view/test-view_en.ftl"): Not found
2019-02-03 12:42:11--DEBUG-freemarker.cache-main:TemplateLoader.findTemplateSource("test-view/test-view.ftl"): Found
2019-02-03 12:42:11--DEBUG-freemarker.cache-main:Loading template for "test-view/test-view.ftl"("en", UTF-8, parsed) from "jar:file:/C:/Users/Gyansetu/.m2/repository/com/aventstack/extentreports/3.1.5/extentreports-3.1.5.jar!/com/aventstack/extentreports/view/html-report/test-view/test-view.ftl"
2019-02-03 12:42:11--DEBUG-freemarker.cache-main:Couldn't find template in cache for "test-view/test-view-charts.ftl"("en", UTF-8, parsed); will try to load it.
2019-02-03 12:42:11--DEBUG-freemarker.cache-main:TemplateLoader.findTemplateSource("test-view/test-view-charts_en.ftl"): Not found
2019-02-03 12:42:11--DEBUG-freemarker.cache-main:TemplateLoader.findTemplateSource("test-view/test-view-charts.ftl"): Found
2019-02-03 12:42:11--DEBUG-freemarker.cache-main:Loading template for "test-view/test-view-charts.ftl"("en", UTF-8, parsed) from "jar:file:/C:/Users/Gyansetu/.m2/repository/com/aventstack/extentreports/3.1.5/extentreports-3.1.5.jar!/com/aventstack/extentreports/view/html-report/test-view/test-view-charts.ftl"
2019-02-03 12:42:11--DEBUG-freemarker.cache-main:Couldn't find template in cache for "test-view/standard.ftl"("en", UTF-8, parsed); will try to load it.
2019-02-03 12:42:11--DEBUG-freemarker.cache-main:TemplateLoader.findTemplateSource("test-view/standard_en.ftl"): Not found
2019-02-03 12:42:11--DEBUG-freemarker.cache-main:TemplateLoader.findTemplateSource("test-view/standard.ftl"): Found
2019-02-03 12:42:11--DEBUG-freemarker.cache-main:Loading template for "test-view/standard.ftl"("en", UTF-8, parsed) from "jar:file:/C:/Users/Gyansetu/.m2/repository/com/aventstack/extentreports/3.1.5/extentreports-3.1.5.jar!/com/aventstack/extentreports/view/html-report/test-view/standard.ftl"
2019-02-03 12:42:11--DEBUG-freemarker.cache-main:Couldn't find template in cache for "category-view/category-view.ftl"("en", UTF-8, parsed); will try to load it.
2019-02-03 12:42:11--DEBUG-freemarker.cache-main:TemplateLoader.findTemplateSource("category-view/category-view_en.ftl"): Not found
2019-02-03 12:42:11--DEBUG-freemarker.cache-main:TemplateLoader.findTemplateSource("category-view/category-view.ftl"): Found
2019-02-03 12:42:11--DEBUG-freemarker.cache-main:Loading template for "category-view/category-view.ftl"("en", UTF-8, parsed) from "jar:file:/C:/Users/Gyansetu/.m2/repository/com/aventstack/extentreports/3.1.5/extentreports-3.1.5.jar!/com/aventstack/extentreports/view/html-report/category-view/category-view.ftl"
2019-02-03 12:42:11--DEBUG-freemarker.cache-main:Couldn't find template in cache for "author-view/author-view.ftl"("en", UTF-8, parsed); will try to load it.
2019-02-03 12:42:11--DEBUG-freemarker.cache-main:TemplateLoader.findTemplateSource("author-view/author-view_en.ftl"): Not found
2019-02-03 12:42:11--DEBUG-freemarker.cache-main:TemplateLoader.findTemplateSource("author-view/author-view.ftl"): Found
2019-02-03 12:42:11--DEBUG-freemarker.cache-main:Loading template for "author-view/author-view.ftl"("en", UTF-8, parsed) from "jar:file:/C:/Users/Gyansetu/.m2/repository/com/aventstack/extentreports/3.1.5/extentreports-3.1.5.jar!/com/aventstack/extentreports/view/html-report/author-view/author-view.ftl"
2019-02-03 12:42:11--DEBUG-freemarker.cache-main:Couldn't find template in cache for "exception-view/exception-view.ftl"("en", UTF-8, parsed); will try to load it.
2019-02-03 12:42:11--DEBUG-freemarker.cache-main:TemplateLoader.findTemplateSource("exception-view/exception-view_en.ftl"): Not found
2019-02-03 12:42:11--DEBUG-freemarker.cache-main:TemplateLoader.findTemplateSource("exception-view/exception-view.ftl"): Found
2019-02-03 12:42:11--DEBUG-freemarker.cache-main:Loading template for "exception-view/exception-view.ftl"("en", UTF-8, parsed) from "jar:file:/C:/Users/Gyansetu/.m2/repository/com/aventstack/extentreports/3.1.5/extentreports-3.1.5.jar!/com/aventstack/extentreports/view/html-report/exception-view/exception-view.ftl"
2019-02-03 12:42:11--DEBUG-freemarker.cache-main:Couldn't find template in cache for "dashboard-view/dashboard-view.ftl"("en", UTF-8, parsed); will try to load it.
2019-02-03 12:42:11--DEBUG-freemarker.cache-main:TemplateLoader.findTemplateSource("dashboard-view/dashboard-view_en.ftl"): Not found
2019-02-03 12:42:11--DEBUG-freemarker.cache-main:TemplateLoader.findTemplateSource("dashboard-view/dashboard-view.ftl"): Found
2019-02-03 12:42:11--DEBUG-freemarker.cache-main:Loading template for "dashboard-view/dashboard-view.ftl"("en", UTF-8, parsed) from "jar:file:/C:/Users/Gyansetu/.m2/repository/com/aventstack/extentreports/3.1.5/extentreports-3.1.5.jar!/com/aventstack/extentreports/view/html-report/dashboard-view/dashboard-view.ftl"
2019-02-03 12:42:11--DEBUG-freemarker.cache-main:Couldn't find template in cache for "logs-view/testrunner-logs-view.ftl"("en", UTF-8, parsed); will try to load it.
2019-02-03 12:42:11--DEBUG-freemarker.cache-main:TemplateLoader.findTemplateSource("logs-view/testrunner-logs-view_en.ftl"): Not found
2019-02-03 12:42:11--DEBUG-freemarker.cache-main:TemplateLoader.findTemplateSource("logs-view/testrunner-logs-view.ftl"): Found
2019-02-03 12:42:11--DEBUG-freemarker.cache-main:Loading template for "logs-view/testrunner-logs-view.ftl"("en", UTF-8, parsed) from "jar:file:/C:/Users/Gyansetu/.m2/repository/com/aventstack/extentreports/3.1.5/extentreports-3.1.5.jar!/com/aventstack/extentreports/view/html-report/logs-view/testrunner-logs-view.ftl"
2019-02-03 13:18:38--INFO -baseutil.TestBase-main:Browser instance created
2019-02-03 13:18:40--INFO -baseutil.TestBase-main:Browser Maximized
2019-02-03 13:18:42--INFO -baseutil.TestBase-main:Application Launched
2019-02-03 13:18:42--INFO -utility.SeleniumUtility-main:Value Entered successfully in UserName textbox
2019-02-03 13:18:42--INFO -utility.SeleniumUtility-main:Value Entered successfully in Password textbox
2019-02-03 13:18:47--INFO -utility.SeleniumUtility-main:Clicked successfully on Login Button
2019-02-03 13:18:49--INFO -com.gs.selenium.testcases.LoginTest-main:Browser closed
2019-02-03 13:18:49--DEBUG-freemarker.cache-main:Couldn't find template in cache for "index.ftl"("en", UTF-8, parsed); will try to load it.
2019-02-03 13:18:49--DEBUG-freemarker.cache-main:TemplateLoader.findTemplateSource("index_en.ftl"): Not found
2019-02-03 13:18:49--DEBUG-freemarker.cache-main:TemplateLoader.findTemplateSource("index.ftl"): Found
2019-02-03 13:18:49--DEBUG-freemarker.cache-main:Loading template for "index.ftl"("en", UTF-8, parsed) from "jar:file:/C:/Users/Gyansetu/.m2/repository/com/aventstack/extentreports/3.1.5/extentreports-3.1.5.jar!/com/aventstack/extentreports/view/html-report/index.ftl"
2019-02-03 13:18:49--DEBUG-freemarker.cache-main:Couldn't find template in cache for "head.ftl"("en", UTF-8, parsed); will try to load it.
2019-02-03 13:18:49--DEBUG-freemarker.cache-main:TemplateLoader.findTemplateSource("head_en.ftl"): Not found
2019-02-03 13:18:49--DEBUG-freemarker.cache-main:TemplateLoader.findTemplateSource("head.ftl"): Found
2019-02-03 13:18:49--DEBUG-freemarker.cache-main:Loading template for "head.ftl"("en", UTF-8, parsed) from "jar:file:/C:/Users/Gyansetu/.m2/repository/com/aventstack/extentreports/3.1.5/extentreports-3.1.5.jar!/com/aventstack/extentreports/view/html-report/head.ftl"
2019-02-03 13:18:49--DEBUG-freemarker.cache-main:Couldn't find template in cache for "nav.ftl"("en", UTF-8, parsed); will try to load it.
2019-02-03 13:18:49--DEBUG-freemarker.cache-main:TemplateLoader.findTemplateSource("nav_en.ftl"): Not found
2019-02-03 13:18:49--DEBUG-freemarker.cache-main:TemplateLoader.findTemplateSource("nav.ftl"): Found
2019-02-03 13:18:49--DEBUG-freemarker.cache-main:Loading template for "nav.ftl"("en", UTF-8, parsed) from "jar:file:/C:/Users/Gyansetu/.m2/repository/com/aventstack/extentreports/3.1.5/extentreports-3.1.5.jar!/com/aventstack/extentreports/view/html-report/nav.ftl"
2019-02-03 13:18:49--DEBUG-freemarker.cache-main:Couldn't find template in cache for "test-view/test-view.ftl"("en", UTF-8, parsed); will try to load it.
2019-02-03 13:18:49--DEBUG-freemarker.cache-main:TemplateLoader.findTemplateSource("test-view/test-view_en.ftl"): Not found
2019-02-03 13:18:49--DEBUG-freemarker.cache-main:TemplateLoader.findTemplateSource("test-view/test-view.ftl"): Found
2019-02-03 13:18:49--DEBUG-freemarker.cache-main:Loading template for "test-view/test-view.ftl"("en", UTF-8, parsed) from "jar:file:/C:/Users/Gyansetu/.m2/repository/com/aventstack/extentreports/3.1.5/extentreports-3.1.5.jar!/com/aventstack/extentreports/view/html-report/test-view/test-view.ftl"
2019-02-03 13:18:49--DEBUG-freemarker.cache-main:Couldn't find template in cache for "test-view/test-view-charts.ftl"("en", UTF-8, parsed); will try to load it.
2019-02-03 13:18:49--DEBUG-freemarker.cache-main:TemplateLoader.findTemplateSource("test-view/test-view-charts_en.ftl"): Not found
2019-02-03 13:18:49--DEBUG-freemarker.cache-main:TemplateLoader.findTemplateSource("test-view/test-view-charts.ftl"): Found
2019-02-03 13:18:49--DEBUG-freemarker.cache-main:Loading template for "test-view/test-view-charts.ftl"("en", UTF-8, parsed) from "jar:file:/C:/Users/Gyansetu/.m2/repository/com/aventstack/extentreports/3.1.5/extentreports-3.1.5.jar!/com/aventstack/extentreports/view/html-report/test-view/test-view-charts.ftl"
2019-02-03 13:18:49--DEBUG-freemarker.cache-main:Couldn't find template in cache for "test-view/standard.ftl"("en", UTF-8, parsed); will try to load it.
2019-02-03 13:18:49--DEBUG-freemarker.cache-main:TemplateLoader.findTemplateSource("test-view/standard_en.ftl"): Not found
2019-02-03 13:18:49--DEBUG-freemarker.cache-main:TemplateLoader.findTemplateSource("test-view/standard.ftl"): Found
2019-02-03 13:18:49--DEBUG-freemarker.cache-main:Loading template for "test-view/standard.ftl"("en", UTF-8, parsed) from "jar:file:/C:/Users/Gyansetu/.m2/repository/com/aventstack/extentreports/3.1.5/extentreports-3.1.5.jar!/com/aventstack/extentreports/view/html-report/test-view/standard.ftl"
2019-02-03 13:18:49--DEBUG-freemarker.cache-main:Couldn't find template in cache for "category-view/category-view.ftl"("en", UTF-8, parsed); will try to load it.
2019-02-03 13:18:49--DEBUG-freemarker.cache-main:TemplateLoader.findTemplateSource("category-view/category-view_en.ftl"): Not found
2019-02-03 13:18:49--DEBUG-freemarker.cache-main:TemplateLoader.findTemplateSource("category-view/category-view.ftl"): Found
2019-02-03 13:18:49--DEBUG-freemarker.cache-main:Loading template for "category-view/category-view.ftl"("en", UTF-8, parsed) from "jar:file:/C:/Users/Gyansetu/.m2/repository/com/aventstack/extentreports/3.1.5/extentreports-3.1.5.jar!/com/aventstack/extentreports/view/html-report/category-view/category-view.ftl"
2019-02-03 13:18:49--DEBUG-freemarker.cache-main:Couldn't find template in cache for "author-view/author-view.ftl"("en", UTF-8, parsed); will try to load it.
2019-02-03 13:18:49--DEBUG-freemarker.cache-main:TemplateLoader.findTemplateSource("author-view/author-view_en.ftl"): Not found
2019-02-03 13:18:49--DEBUG-freemarker.cache-main:TemplateLoader.findTemplateSource("author-view/author-view.ftl"): Found
2019-02-03 13:18:49--DEBUG-freemarker.cache-main:Loading template for "author-view/author-view.ftl"("en", UTF-8, parsed) from "jar:file:/C:/Users/Gyansetu/.m2/repository/com/aventstack/extentreports/3.1.5/extentreports-3.1.5.jar!/com/aventstack/extentreports/view/html-report/author-view/author-view.ftl"
2019-02-03 13:18:49--DEBUG-freemarker.cache-main:Couldn't find template in cache for "exception-view/exception-view.ftl"("en", UTF-8, parsed); will try to load it.
2019-02-03 13:18:49--DEBUG-freemarker.cache-main:TemplateLoader.findTemplateSource("exception-view/exception-view_en.ftl"): Not found
2019-02-03 13:18:49--DEBUG-freemarker.cache-main:TemplateLoader.findTemplateSource("exception-view/exception-view.ftl"): Found
2019-02-03 13:18:49--DEBUG-freemarker.cache-main:Loading template for "exception-view/exception-view.ftl"("en", UTF-8, parsed) from "jar:file:/C:/Users/Gyansetu/.m2/repository/com/aventstack/extentreports/3.1.5/extentreports-3.1.5.jar!/com/aventstack/extentreports/view/html-report/exception-view/exception-view.ftl"
2019-02-03 13:18:49--DEBUG-freemarker.cache-main:Couldn't find template in cache for "dashboard-view/dashboard-view.ftl"("en", UTF-8, parsed); will try to load it.
2019-02-03 13:18:49--DEBUG-freemarker.cache-main:TemplateLoader.findTemplateSource("dashboard-view/dashboard-view_en.ftl"): Not found
2019-02-03 13:18:49--DEBUG-freemarker.cache-main:TemplateLoader.findTemplateSource("dashboard-view/dashboard-view.ftl"): Found
2019-02-03 13:18:49--DEBUG-freemarker.cache-main:Loading template for "dashboard-view/dashboard-view.ftl"("en", UTF-8, parsed) from "jar:file:/C:/Users/Gyansetu/.m2/repository/com/aventstack/extentreports/3.1.5/extentreports-3.1.5.jar!/com/aventstack/extentreports/view/html-report/dashboard-view/dashboard-view.ftl"
2019-02-03 13:18:49--DEBUG-freemarker.cache-main:Couldn't find template in cache for "logs-view/testrunner-logs-view.ftl"("en", UTF-8, parsed); will try to load it.
2019-02-03 13:18:49--DEBUG-freemarker.cache-main:TemplateLoader.findTemplateSource("logs-view/testrunner-logs-view_en.ftl"): Not found
2019-02-03 13:18:49--DEBUG-freemarker.cache-main:TemplateLoader.findTemplateSource("logs-view/testrunner-logs-view.ftl"): Found
2019-02-03 13:18:49--DEBUG-freemarker.cache-main:Loading template for "logs-view/testrunner-logs-view.ftl"("en", UTF-8, parsed) from "jar:file:/C:/Users/Gyansetu/.m2/repository/com/aventstack/extentreports/3.1.5/extentreports-3.1.5.jar!/com/aventstack/extentreports/view/html-report/logs-view/testrunner-logs-view.ftl"
2019-02-03 13:25:58--INFO -baseutil.TestBase-main:Browser instance created
2019-02-03 13:25:59--INFO -baseutil.TestBase-main:Browser Maximized
2019-02-03 13:26:01--INFO -baseutil.TestBase-main:Application Launched
2019-02-03 13:26:01--INFO -utility.SeleniumUtility-main:Value Entered successfully in UserName textbox
2019-02-03 13:26:01--INFO -utility.SeleniumUtility-main:Value Entered successfully in Password textbox
2019-02-03 13:26:06--INFO -utility.SeleniumUtility-main:Clicked successfully on Login Button
2019-02-03 13:26:08--INFO -com.gs.selenium.testcases.LoginTest-main:Browser closed
2019-02-03 13:26:08--DEBUG-freemarker.cache-main:Couldn't find template in cache for "index.ftl"("en", UTF-8, parsed); will try to load it.
2019-02-03 13:26:08--DEBUG-freemarker.cache-main:TemplateLoader.findTemplateSource("index_en.ftl"): Not found
2019-02-03 13:26:08--DEBUG-freemarker.cache-main:TemplateLoader.findTemplateSource("index.ftl"): Found
2019-02-03 13:26:08--DEBUG-freemarker.cache-main:Loading template for "index.ftl"("en", UTF-8, parsed) from "jar:file:/C:/Users/Gyansetu/.m2/repository/com/aventstack/extentreports/3.1.5/extentreports-3.1.5.jar!/com/aventstack/extentreports/view/html-report/index.ftl"
2019-02-03 13:26:09--DEBUG-freemarker.cache-main:Couldn't find template in cache for "head.ftl"("en", UTF-8, parsed); will try to load it.
2019-02-03 13:26:09--DEBUG-freemarker.cache-main:TemplateLoader.findTemplateSource("head_en.ftl"): Not found
2019-02-03 13:26:09--DEBUG-freemarker.cache-main:TemplateLoader.findTemplateSource("head.ftl"): Found
2019-02-03 13:26:09--DEBUG-freemarker.cache-main:Loading template for "head.ftl"("en", UTF-8, parsed) from "jar:file:/C:/Users/Gyansetu/.m2/repository/com/aventstack/extentreports/3.1.5/extentreports-3.1.5.jar!/com/aventstack/extentreports/view/html-report/head.ftl"
2019-02-03 13:26:09--DEBUG-freemarker.cache-main:Couldn't find template in cache for "nav.ftl"("en", UTF-8, parsed); will try to load it.
2019-02-03 13:26:09--DEBUG-freemarker.cache-main:TemplateLoader.findTemplateSource("nav_en.ftl"): Not found
2019-02-03 13:26:09--DEBUG-freemarker.cache-main:TemplateLoader.findTemplateSource("nav.ftl"): Found
2019-02-03 13:26:09--DEBUG-freemarker.cache-main:Loading template for "nav.ftl"("en", UTF-8, parsed) from "jar:file:/C:/Users/Gyansetu/.m2/repository/com/aventstack/extentreports/3.1.5/extentreports-3.1.5.jar!/com/aventstack/extentreports/view/html-report/nav.ftl"
2019-02-03 13:26:09--DEBUG-freemarker.cache-main:Couldn't find template in cache for "test-view/test-view.ftl"("en", UTF-8, parsed); will try to load it.
2019-02-03 13:26:09--DEBUG-freemarker.cache-main:TemplateLoader.findTemplateSource("test-view/test-view_en.ftl"): Not found
2019-02-03 13:26:09--DEBUG-freemarker.cache-main:TemplateLoader.findTemplateSource("test-view/test-view.ftl"): Found
2019-02-03 13:26:09--DEBUG-freemarker.cache-main:Loading template for "test-view/test-view.ftl"("en", UTF-8, parsed) from "jar:file:/C:/Users/Gyansetu/.m2/repository/com/aventstack/extentreports/3.1.5/extentreports-3.1.5.jar!/com/aventstack/extentreports/view/html-report/test-view/test-view.ftl"
2019-02-03 13:26:09--DEBUG-freemarker.cache-main:Couldn't find template in cache for "test-view/test-view-charts.ftl"("en", UTF-8, parsed); will try to load it.
2019-02-03 13:26:09--DEBUG-freemarker.cache-main:TemplateLoader.findTemplateSource("test-view/test-view-charts_en.ftl"): Not found
2019-02-03 13:26:09--DEBUG-freemarker.cache-main:TemplateLoader.findTemplateSource("test-view/test-view-charts.ftl"): Found
2019-02-03 13:26:09--DEBUG-freemarker.cache-main:Loading template for "test-view/test-view-charts.ftl"("en", UTF-8, parsed) from "jar:file:/C:/Users/Gyansetu/.m2/repository/com/aventstack/extentreports/3.1.5/extentreports-3.1.5.jar!/com/aventstack/extentreports/view/html-report/test-view/test-view-charts.ftl"
2019-02-03 13:26:09--DEBUG-freemarker.cache-main:Couldn't find template in cache for "test-view/standard.ftl"("en", UTF-8, parsed); will try to load it.
2019-02-03 13:26:09--DEBUG-freemarker.cache-main:TemplateLoader.findTemplateSource("test-view/standard_en.ftl"): Not found
2019-02-03 13:26:09--DEBUG-freemarker.cache-main:TemplateLoader.findTemplateSource("test-view/standard.ftl"): Found
2019-02-03 13:26:09--DEBUG-freemarker.cache-main:Loading template for "test-view/standard.ftl"("en", UTF-8, parsed) from "jar:file:/C:/Users/Gyansetu/.m2/repository/com/aventstack/extentreports/3.1.5/extentreports-3.1.5.jar!/com/aventstack/extentreports/view/html-report/test-view/standard.ftl"
2019-02-03 13:26:09--DEBUG-freemarker.cache-main:Couldn't find template in cache for "category-view/category-view.ftl"("en", UTF-8, parsed); will try to load it.
2019-02-03 13:26:09--DEBUG-freemarker.cache-main:TemplateLoader.findTemplateSource("category-view/category-view_en.ftl"): Not found
2019-02-03 13:26:09--DEBUG-freemarker.cache-main:TemplateLoader.findTemplateSource("category-view/category-view.ftl"): Found
2019-02-03 13:26:09--DEBUG-freemarker.cache-main:Loading template for "category-view/category-view.ftl"("en", UTF-8, parsed) from "jar:file:/C:/Users/Gyansetu/.m2/repository/com/aventstack/extentreports/3.1.5/extentreports-3.1.5.jar!/com/aventstack/extentreports/view/html-report/category-view/category-view.ftl"
2019-02-03 13:26:09--DEBUG-freemarker.cache-main:Couldn't find template in cache for "author-view/author-view.ftl"("en", UTF-8, parsed); will try to load it.
2019-02-03 13:26:09--DEBUG-freemarker.cache-main:TemplateLoader.findTemplateSource("author-view/author-view_en.ftl"): Not found
2019-02-03 13:26:09--DEBUG-freemarker.cache-main:TemplateLoader.findTemplateSource("author-view/author-view.ftl"): Found
2019-02-03 13:26:09--DEBUG-freemarker.cache-main:Loading template for "author-view/author-view.ftl"("en", UTF-8, parsed) from "jar:file:/C:/Users/Gyansetu/.m2/repository/com/aventstack/extentreports/3.1.5/extentreports-3.1.5.jar!/com/aventstack/extentreports/view/html-report/author-view/author-view.ftl"
2019-02-03 13:26:09--DEBUG-freemarker.cache-main:Couldn't find template in cache for "exception-view/exception-view.ftl"("en", UTF-8, parsed); will try to load it.
2019-02-03 13:26:09--DEBUG-freemarker.cache-main:TemplateLoader.findTemplateSource("exception-view/exception-view_en.ftl"): Not found
2019-02-03 13:26:09--DEBUG-freemarker.cache-main:TemplateLoader.findTemplateSource("exception-view/exception-view.ftl"): Found
2019-02-03 13:26:09--DEBUG-freemarker.cache-main:Loading template for "exception-view/exception-view.ftl"("en", UTF-8, parsed) from "jar:file:/C:/Users/Gyansetu/.m2/repository/com/aventstack/extentreports/3.1.5/extentreports-3.1.5.jar!/com/aventstack/extentreports/view/html-report/exception-view/exception-view.ftl"
2019-02-03 13:26:09--DEBUG-freemarker.cache-main:Couldn't find template in cache for "dashboard-view/dashboard-view.ftl"("en", UTF-8, parsed); will try to load it.
2019-02-03 13:26:09--DEBUG-freemarker.cache-main:TemplateLoader.findTemplateSource("dashboard-view/dashboard-view_en.ftl"): Not found
2019-02-03 13:26:09--DEBUG-freemarker.cache-main:TemplateLoader.findTemplateSource("dashboard-view/dashboard-view.ftl"): Found
2019-02-03 13:26:09--DEBUG-freemarker.cache-main:Loading template for "dashboard-view/dashboard-view.ftl"("en", UTF-8, parsed) from "jar:file:/C:/Users/Gyansetu/.m2/repository/com/aventstack/extentreports/3.1.5/extentreports-3.1.5.jar!/com/aventstack/extentreports/view/html-report/dashboard-view/dashboard-view.ftl"
2019-02-03 13:26:09--DEBUG-freemarker.cache-main:Couldn't find template in cache for "logs-view/testrunner-logs-view.ftl"("en", UTF-8, parsed); will try to load it.
2019-02-03 13:26:09--DEBUG-freemarker.cache-main:TemplateLoader.findTemplateSource("logs-view/testrunner-logs-view_en.ftl"): Not found
2019-02-03 13:26:09--DEBUG-freemarker.cache-main:TemplateLoader.findTemplateSource("logs-view/testrunner-logs-view.ftl"): Found
2019-02-03 13:26:09--DEBUG-freemarker.cache-main:Loading template for "logs-view/testrunner-logs-view.ftl"("en", UTF-8, parsed) from "jar:file:/C:/Users/Gyansetu/.m2/repository/com/aventstack/extentreports/3.1.5/extentreports-3.1.5.jar!/com/aventstack/extentreports/view/html-report/logs-view/testrunner-logs-view.ftl"
2019-02-03 13:27:24--INFO -baseutil.TestBase-main:Browser instance created
2019-02-03 13:27:26--INFO -baseutil.TestBase-main:Browser Maximized
2019-02-03 13:27:28--INFO -baseutil.TestBase-main:Application Launched
2019-02-03 13:27:28--INFO -utility.SeleniumUtility-main:Value Entered successfully in UserName textbox
2019-02-03 13:27:28--INFO -utility.SeleniumUtility-main:Value Entered successfully in Password textbox
2019-02-03 13:27:33--INFO -utility.SeleniumUtility-main:Clicked successfully on Login Button
2019-02-03 13:27:35--INFO -com.gs.selenium.testcases.LoginTest-main:Browser closed
2019-02-03 13:27:35--DEBUG-freemarker.cache-main:Couldn't find template in cache for "index.ftl"("en", UTF-8, parsed); will try to load it.
2019-02-03 13:27:35--DEBUG-freemarker.cache-main:TemplateLoader.findTemplateSource("index_en.ftl"): Not found
2019-02-03 13:27:35--DEBUG-freemarker.cache-main:TemplateLoader.findTemplateSource("index.ftl"): Found
2019-02-03 13:27:35--DEBUG-freemarker.cache-main:Loading template for "index.ftl"("en", UTF-8, parsed) from "jar:file:/C:/Users/Gyansetu/.m2/repository/com/aventstack/extentreports/3.1.5/extentreports-3.1.5.jar!/com/aventstack/extentreports/view/html-report/index.ftl"
2019-02-03 13:27:35--DEBUG-freemarker.cache-main:Couldn't find template in cache for "head.ftl"("en", UTF-8, parsed); will try to load it.
2019-02-03 13:27:35--DEBUG-freemarker.cache-main:TemplateLoader.findTemplateSource("head_en.ftl"): Not found
2019-02-03 13:27:35--DEBUG-freemarker.cache-main:TemplateLoader.findTemplateSource("head.ftl"): Found
2019-02-03 13:27:35--DEBUG-freemarker.cache-main:Loading template for "head.ftl"("en", UTF-8, parsed) from "jar:file:/C:/Users/Gyansetu/.m2/repository/com/aventstack/extentreports/3.1.5/extentreports-3.1.5.jar!/com/aventstack/extentreports/view/html-report/head.ftl"
2019-02-03 13:27:35--DEBUG-freemarker.cache-main:Couldn't find template in cache for "nav.ftl"("en", UTF-8, parsed); will try to load it.
2019-02-03 13:27:35--DEBUG-freemarker.cache-main:TemplateLoader.findTemplateSource("nav_en.ftl"): Not found
2019-02-03 13:27:35--DEBUG-freemarker.cache-main:TemplateLoader.findTemplateSource("nav.ftl"): Found
2019-02-03 13:27:35--DEBUG-freemarker.cache-main:Loading template for "nav.ftl"("en", UTF-8, parsed) from "jar:file:/C:/Users/Gyansetu/.m2/repository/com/aventstack/extentreports/3.1.5/extentreports-3.1.5.jar!/com/aventstack/extentreports/view/html-report/nav.ftl"
2019-02-03 13:27:35--DEBUG-freemarker.cache-main:Couldn't find template in cache for "test-view/test-view.ftl"("en", UTF-8, parsed); will try to load it.
2019-02-03 13:27:35--DEBUG-freemarker.cache-main:TemplateLoader.findTemplateSource("test-view/test-view_en.ftl"): Not found
2019-02-03 13:27:35--DEBUG-freemarker.cache-main:TemplateLoader.findTemplateSource("test-view/test-view.ftl"): Found
2019-02-03 13:27:35--DEBUG-freemarker.cache-main:Loading template for "test-view/test-view.ftl"("en", UTF-8, parsed) from "jar:file:/C:/Users/Gyansetu/.m2/repository/com/aventstack/extentreports/3.1.5/extentreports-3.1.5.jar!/com/aventstack/extentreports/view/html-report/test-view/test-view.ftl"
2019-02-03 13:27:35--DEBUG-freemarker.cache-main:Couldn't find template in cache for "test-view/test-view-charts.ftl"("en", UTF-8, parsed); will try to load it.
2019-02-03 13:27:35--DEBUG-freemarker.cache-main:TemplateLoader.findTemplateSource("test-view/test-view-charts_en.ftl"): Not found
2019-02-03 13:27:35--DEBUG-freemarker.cache-main:TemplateLoader.findTemplateSource("test-view/test-view-charts.ftl"): Found
2019-02-03 13:27:35--DEBUG-freemarker.cache-main:Loading template for "test-view/test-view-charts.ftl"("en", UTF-8, parsed) from "jar:file:/C:/Users/Gyansetu/.m2/repository/com/aventstack/extentreports/3.1.5/extentreports-3.1.5.jar!/com/aventstack/extentreports/view/html-report/test-view/test-view-charts.ftl"
2019-02-03 13:27:35--DEBUG-freemarker.cache-main:Couldn't find template in cache for "test-view/standard.ftl"("en", UTF-8, parsed); will try to load it.
2019-02-03 13:27:35--DEBUG-freemarker.cache-main:TemplateLoader.findTemplateSource("test-view/standard_en.ftl"): Not found
2019-02-03 13:27:35--DEBUG-freemarker.cache-main:TemplateLoader.findTemplateSource("test-view/standard.ftl"): Found
2019-02-03 13:27:35--DEBUG-freemarker.cache-main:Loading template for "test-view/standard.ftl"("en", UTF-8, parsed) from "jar:file:/C:/Users/Gyansetu/.m2/repository/com/aventstack/extentreports/3.1.5/extentreports-3.1.5.jar!/com/aventstack/extentreports/view/html-report/test-view/standard.ftl"
2019-02-03 13:27:35--DEBUG-freemarker.cache-main:Couldn't find template in cache for "category-view/category-view.ftl"("en", UTF-8, parsed); will try to load it.
2019-02-03 13:27:35--DEBUG-freemarker.cache-main:TemplateLoader.findTemplateSource("category-view/category-view_en.ftl"): Not found
2019-02-03 13:27:35--DEBUG-freemarker.cache-main:TemplateLoader.findTemplateSource("category-view/category-view.ftl"): Found
2019-02-03 13:27:35--DEBUG-freemarker.cache-main:Loading template for "category-view/category-view.ftl"("en", UTF-8, parsed) from "jar:file:/C:/Users/Gyansetu/.m2/repository/com/aventstack/extentreports/3.1.5/extentreports-3.1.5.jar!/com/aventstack/extentreports/view/html-report/category-view/category-view.ftl"
2019-02-03 13:27:35--DEBUG-freemarker.cache-main:Couldn't find template in cache for "author-view/author-view.ftl"("en", UTF-8, parsed); will try to load it.
2019-02-03 13:27:35--DEBUG-freemarker.cache-main:TemplateLoader.findTemplateSource("author-view/author-view_en.ftl"): Not found
2019-02-03 13:27:35--DEBUG-freemarker.cache-main:TemplateLoader.findTemplateSource("author-view/author-view.ftl"): Found
2019-02-03 13:27:35--DEBUG-freemarker.cache-main:Loading template for "author-view/author-view.ftl"("en", UTF-8, parsed) from "jar:file:/C:/Users/Gyansetu/.m2/repository/com/aventstack/extentreports/3.1.5/extentreports-3.1.5.jar!/com/aventstack/extentreports/view/html-report/author-view/author-view.ftl"
2019-02-03 13:27:35--DEBUG-freemarker.cache-main:Couldn't find template in cache for "exception-view/exception-view.ftl"("en", UTF-8, parsed); will try to load it.
2019-02-03 13:27:35--DEBUG-freemarker.cache-main:TemplateLoader.findTemplateSource("exception-view/exception-view_en.ftl"): Not found
2019-02-03 13:27:35--DEBUG-freemarker.cache-main:TemplateLoader.findTemplateSource("exception-view/exception-view.ftl"): Found
2019-02-03 13:27:35--DEBUG-freemarker.cache-main:Loading template for "exception-view/exception-view.ftl"("en", UTF-8, parsed) from "jar:file:/C:/Users/Gyansetu/.m2/repository/com/aventstack/extentreports/3.1.5/extentreports-3.1.5.jar!/com/aventstack/extentreports/view/html-report/exception-view/exception-view.ftl"
2019-02-03 13:27:35--DEBUG-freemarker.cache-main:Couldn't find template in cache for "dashboard-view/dashboard-view.ftl"("en", UTF-8, parsed); will try to load it.
2019-02-03 13:27:35--DEBUG-freemarker.cache-main:TemplateLoader.findTemplateSource("dashboard-view/dashboard-view_en.ftl"): Not found
2019-02-03 13:27:35--DEBUG-freemarker.cache-main:TemplateLoader.findTemplateSource("dashboard-view/dashboard-view.ftl"): Found
2019-02-03 13:27:35--DEBUG-freemarker.cache-main:Loading template for "dashboard-view/dashboard-view.ftl"("en", UTF-8, parsed) from "jar:file:/C:/Users/Gyansetu/.m2/repository/com/aventstack/extentreports/3.1.5/extentreports-3.1.5.jar!/com/aventstack/extentreports/view/html-report/dashboard-view/dashboard-view.ftl"
2019-02-03 13:27:35--DEBUG-freemarker.cache-main:Couldn't find template in cache for "logs-view/testrunner-logs-view.ftl"("en", UTF-8, parsed); will try to load it.
2019-02-03 13:27:35--DEBUG-freemarker.cache-main:TemplateLoader.findTemplateSource("logs-view/testrunner-logs-view_en.ftl"): Not found
2019-02-03 13:27:35--DEBUG-freemarker.cache-main:TemplateLoader.findTemplateSource("logs-view/testrunner-logs-view.ftl"): Found
2019-02-03 13:27:35--DEBUG-freemarker.cache-main:Loading template for "logs-view/testrunner-logs-view.ftl"("en", UTF-8, parsed) from "jar:file:/C:/Users/Gyansetu/.m2/repository/com/aventstack/extentreports/3.1.5/extentreports-3.1.5.jar!/com/aventstack/extentreports/view/html-report/logs-view/testrunner-logs-view.ftl"
2019-02-03 13:29:32--INFO -baseutil.TestBase-main:Browser instance created
2019-02-03 13:29:33--INFO -baseutil.TestBase-main:Browser Maximized
2019-02-03 13:29:36--INFO -baseutil.TestBase-main:Application Launched
2019-02-03 13:29:36--INFO -utility.SeleniumUtility-main:Value Entered successfully in UserName textbox
2019-02-03 13:29:36--INFO -utility.SeleniumUtility-main:Value Entered successfully in Password textbox
2019-02-03 13:29:41--INFO -utility.SeleniumUtility-main:Clicked successfully on Login Button
2019-02-03 13:29:43--INFO -com.gs.selenium.testcases.LoginTest-main:Browser closed
2019-02-03 13:29:43--DEBUG-freemarker.cache-main:Couldn't find template in cache for "index.ftl"("en", UTF-8, parsed); will try to load it.
2019-02-03 13:29:43--DEBUG-freemarker.cache-main:TemplateLoader.findTemplateSource("index_en.ftl"): Not found
2019-02-03 13:29:43--DEBUG-freemarker.cache-main:TemplateLoader.findTemplateSource("index.ftl"): Found
2019-02-03 13:29:43--DEBUG-freemarker.cache-main:Loading template for "index.ftl"("en", UTF-8, parsed) from "jar:file:/C:/Users/Gyansetu/.m2/repository/com/aventstack/extentreports/3.1.5/extentreports-3.1.5.jar!/com/aventstack/extentreports/view/html-report/index.ftl"
2019-02-03 13:29:43--DEBUG-freemarker.cache-main:Couldn't find template in cache for "head.ftl"("en", UTF-8, parsed); will try to load it.
2019-02-03 13:29:43--DEBUG-freemarker.cache-main:TemplateLoader.findTemplateSource("head_en.ftl"): Not found
2019-02-03 13:29:43--DEBUG-freemarker.cache-main:TemplateLoader.findTemplateSource("head.ftl"): Found
2019-02-03 13:29:43--DEBUG-freemarker.cache-main:Loading template for "head.ftl"("en", UTF-8, parsed) from "jar:file:/C:/Users/Gyansetu/.m2/repository/com/aventstack/extentreports/3.1.5/extentreports-3.1.5.jar!/com/aventstack/extentreports/view/html-report/head.ftl"
2019-02-03 13:29:43--DEBUG-freemarker.cache-main:Couldn't find template in cache for "nav.ftl"("en", UTF-8, parsed); will try to load it.
2019-02-03 13:29:43--DEBUG-freemarker.cache-main:TemplateLoader.findTemplateSource("nav_en.ftl"): Not found
2019-02-03 13:29:43--DEBUG-freemarker.cache-main:TemplateLoader.findTemplateSource("nav.ftl"): Found
2019-02-03 13:29:43--DEBUG-freemarker.cache-main:Loading template for "nav.ftl"("en", UTF-8, parsed) from "jar:file:/C:/Users/Gyansetu/.m2/repository/com/aventstack/extentreports/3.1.5/extentreports-3.1.5.jar!/com/aventstack/extentreports/view/html-report/nav.ftl"
2019-02-03 13:29:43--DEBUG-freemarker.cache-main:Couldn't find template in cache for "test-view/test-view.ftl"("en", UTF-8, parsed); will try to load it.
2019-02-03 13:29:43--DEBUG-freemarker.cache-main:TemplateLoader.findTemplateSource("test-view/test-view_en.ftl"): Not found
2019-02-03 13:29:43--DEBUG-freemarker.cache-main:TemplateLoader.findTemplateSource("test-view/test-view.ftl"): Found
2019-02-03 13:29:43--DEBUG-freemarker.cache-main:Loading template for "test-view/test-view.ftl"("en", UTF-8, parsed) from "jar:file:/C:/Users/Gyansetu/.m2/repository/com/aventstack/extentreports/3.1.5/extentreports-3.1.5.jar!/com/aventstack/extentreports/view/html-report/test-view/test-view.ftl"
2019-02-03 13:29:43--DEBUG-freemarker.cache-main:Couldn't find template in cache for "test-view/test-view-charts.ftl"("en", UTF-8, parsed); will try to load it.
2019-02-03 13:29:43--DEBUG-freemarker.cache-main:TemplateLoader.findTemplateSource("test-view/test-view-charts_en.ftl"): Not found
2019-02-03 13:29:43--DEBUG-freemarker.cache-main:TemplateLoader.findTemplateSource("test-view/test-view-charts.ftl"): Found
2019-02-03 13:29:43--DEBUG-freemarker.cache-main:Loading template for "test-view/test-view-charts.ftl"("en", UTF-8, parsed) from "jar:file:/C:/Users/Gyansetu/.m2/repository/com/aventstack/extentreports/3.1.5/extentreports-3.1.5.jar!/com/aventstack/extentreports/view/html-report/test-view/test-view-charts.ftl"
2019-02-03 13:29:43--DEBUG-freemarker.cache-main:Couldn't find template in cache for "test-view/standard.ftl"("en", UTF-8, parsed); will try to load it.
2019-02-03 13:29:43--DEBUG-freemarker.cache-main:TemplateLoader.findTemplateSource("test-view/standard_en.ftl"): Not found
2019-02-03 13:29:43--DEBUG-freemarker.cache-main:TemplateLoader.findTemplateSource("test-view/standard.ftl"): Found
2019-02-03 13:29:43--DEBUG-freemarker.cache-main:Loading template for "test-view/standard.ftl"("en", UTF-8, parsed) from "jar:file:/C:/Users/Gyansetu/.m2/repository/com/aventstack/extentreports/3.1.5/extentreports-3.1.5.jar!/com/aventstack/extentreports/view/html-report/test-view/standard.ftl"
2019-02-03 13:29:43--DEBUG-freemarker.cache-main:Couldn't find template in cache for "category-view/category-view.ftl"("en", UTF-8, parsed); will try to load it.
2019-02-03 13:29:43--DEBUG-freemarker.cache-main:TemplateLoader.findTemplateSource("category-view/category-view_en.ftl"): Not found
2019-02-03 13:29:43--DEBUG-freemarker.cache-main:TemplateLoader.findTemplateSource("category-view/category-view.ftl"): Found
2019-02-03 13:29:43--DEBUG-freemarker.cache-main:Loading template for "category-view/category-view.ftl"("en", UTF-8, parsed) from "jar:file:/C:/Users/Gyansetu/.m2/repository/com/aventstack/extentreports/3.1.5/extentreports-3.1.5.jar!/com/aventstack/extentreports/view/html-report/category-view/category-view.ftl"
2019-02-03 13:29:43--DEBUG-freemarker.cache-main:Couldn't find template in cache for "author-view/author-view.ftl"("en", UTF-8, parsed); will try to load it.
2019-02-03 13:29:43--DEBUG-freemarker.cache-main:TemplateLoader.findTemplateSource("author-view/author-view_en.ftl"): Not found
2019-02-03 13:29:43--DEBUG-freemarker.cache-main:TemplateLoader.findTemplateSource("author-view/author-view.ftl"): Found
2019-02-03 13:29:43--DEBUG-freemarker.cache-main:Loading template for "author-view/author-view.ftl"("en", UTF-8, parsed) from "jar:file:/C:/Users/Gyansetu/.m2/repository/com/aventstack/extentreports/3.1.5/extentreports-3.1.5.jar!/com/aventstack/extentreports/view/html-report/author-view/author-view.ftl"
2019-02-03 13:29:43--DEBUG-freemarker.cache-main:Couldn't find template in cache for "exception-view/exception-view.ftl"("en", UTF-8, parsed); will try to load it.
2019-02-03 13:29:43--DEBUG-freemarker.cache-main:TemplateLoader.findTemplateSource("exception-view/exception-view_en.ftl"): Not found
2019-02-03 13:29:43--DEBUG-freemarker.cache-main:TemplateLoader.findTemplateSource("exception-view/exception-view.ftl"): Found
2019-02-03 13:29:43--DEBUG-freemarker.cache-main:Loading template for "exception-view/exception-view.ftl"("en", UTF-8, parsed) from "jar:file:/C:/Users/Gyansetu/.m2/repository/com/aventstack/extentreports/3.1.5/extentreports-3.1.5.jar!/com/aventstack/extentreports/view/html-report/exception-view/exception-view.ftl"
2019-02-03 13:29:43--DEBUG-freemarker.cache-main:Couldn't find template in cache for "dashboard-view/dashboard-view.ftl"("en", UTF-8, parsed); will try to load it.
2019-02-03 13:29:43--DEBUG-freemarker.cache-main:TemplateLoader.findTemplateSource("dashboard-view/dashboard-view_en.ftl"): Not found
2019-02-03 13:29:43--DEBUG-freemarker.cache-main:TemplateLoader.findTemplateSource("dashboard-view/dashboard-view.ftl"): Found
2019-02-03 13:29:43--DEBUG-freemarker.cache-main:Loading template for "dashboard-view/dashboard-view.ftl"("en", UTF-8, parsed) from "jar:file:/C:/Users/Gyansetu/.m2/repository/com/aventstack/extentreports/3.1.5/extentreports-3.1.5.jar!/com/aventstack/extentreports/view/html-report/dashboard-view/dashboard-view.ftl"
2019-02-03 13:29:43--DEBUG-freemarker.cache-main:Couldn't find template in cache for "logs-view/testrunner-logs-view.ftl"("en", UTF-8, parsed); will try to load it.
2019-02-03 13:29:43--DEBUG-freemarker.cache-main:TemplateLoader.findTemplateSource("logs-view/testrunner-logs-view_en.ftl"): Not found
2019-02-03 13:29:43--DEBUG-freemarker.cache-main:TemplateLoader.findTemplateSource("logs-view/testrunner-logs-view.ftl"): Found
2019-02-03 13:29:43--DEBUG-freemarker.cache-main:Loading template for "logs-view/testrunner-logs-view.ftl"("en", UTF-8, parsed) from "jar:file:/C:/Users/Gyansetu/.m2/repository/com/aventstack/extentreports/3.1.5/extentreports-3.1.5.jar!/com/aventstack/extentreports/view/html-report/logs-view/testrunner-logs-view.ftl"
2019-02-05 20:01:33--INFO -baseutil.TestBase-main:Browser instance created
2019-02-05 20:01:35--INFO -baseutil.TestBase-main:Browser Maximized
2019-02-05 20:01:38--INFO -baseutil.TestBase-main:Application Launched
2019-02-05 20:01:38--INFO -utility.SeleniumUtility-main:Value Entered successfully in UserName textbox
2019-02-05 20:01:38--INFO -utility.SeleniumUtility-main:Value Entered successfully in Password textbox
2019-02-05 20:02:19--INFO -utility.SeleniumUtility-main:Clicked successfully on Login Button
2019-02-06 20:55:30--INFO -baseutil.TestBase-main:Browser instance created
2019-02-06 20:55:32--INFO -baseutil.TestBase-main:Browser Maximized
2019-02-06 20:55:36--INFO -baseutil.TestBase-main:Application Launched
2019-02-06 20:55:37--INFO -utility.SeleniumUtility-main:Value Entered successfully in UserName textbox
2019-02-06 20:55:37--INFO -utility.SeleniumUtility-main:Value Entered successfully in Password textbox
2019-02-06 21:00:52--ERROR-pagefunction.LoginPage-main:Error in Login Page
2019-02-06 21:00:55--INFO -com.gs.selenium.testcases.LoginTest-main:Browser closed
2019-02-06 21:00:55--DEBUG-freemarker.cache-main:Couldn't find template in cache for "index.ftl"("en", UTF-8, parsed); will try to load it.
2019-02-06 21:00:55--DEBUG-freemarker.cache-main:TemplateLoader.findTemplateSource("index_en.ftl"): Not found
2019-02-06 21:00:55--DEBUG-freemarker.cache-main:TemplateLoader.findTemplateSource("index.ftl"): Found
2019-02-06 21:00:55--DEBUG-freemarker.cache-main:Loading template for "index.ftl"("en", UTF-8, parsed) from "jar:file:/C:/Users/Gyansetu/.m2/repository/com/aventstack/extentreports/3.1.5/extentreports-3.1.5.jar!/com/aventstack/extentreports/view/html-report/index.ftl"
2019-02-06 21:01:02--DEBUG-freemarker.cache-main:Couldn't find template in cache for "head.ftl"("en", UTF-8, parsed); will try to load it.
2019-02-06 21:01:02--DEBUG-freemarker.cache-main:TemplateLoader.findTemplateSource("head_en.ftl"): Not found
2019-02-06 21:01:02--DEBUG-freemarker.cache-main:TemplateLoader.findTemplateSource("head.ftl"): Found
2019-02-06 21:01:02--DEBUG-freemarker.cache-main:Loading template for "head.ftl"("en", UTF-8, parsed) from "jar:file:/C:/Users/Gyansetu/.m2/repository/com/aventstack/extentreports/3.1.5/extentreports-3.1.5.jar!/com/aventstack/extentreports/view/html-report/head.ftl"
2019-02-06 21:01:02--DEBUG-freemarker.cache-main:Couldn't find template in cache for "nav.ftl"("en", UTF-8, parsed); will try to load it.
2019-02-06 21:01:02--DEBUG-freemarker.cache-main:TemplateLoader.findTemplateSource("nav_en.ftl"): Not found
2019-02-06 21:01:02--DEBUG-freemarker.cache-main:TemplateLoader.findTemplateSource("nav.ftl"): Found
2019-02-06 21:01:02--DEBUG-freemarker.cache-main:Loading template for "nav.ftl"("en", UTF-8, parsed) from "jar:file:/C:/Users/Gyansetu/.m2/repository/com/aventstack/extentreports/3.1.5/extentreports-3.1.5.jar!/com/aventstack/extentreports/view/html-report/nav.ftl"
2019-02-06 21:01:02--DEBUG-freemarker.cache-main:Couldn't find template in cache for "test-view/test-view.ftl"("en", UTF-8, parsed); will try to load it.
2019-02-06 21:01:02--DEBUG-freemarker.cache-main:TemplateLoader.findTemplateSource("test-view/test-view_en.ftl"): Not found
2019-02-06 21:01:02--DEBUG-freemarker.cache-main:TemplateLoader.findTemplateSource("test-view/test-view.ftl"): Found
2019-02-06 21:01:02--DEBUG-freemarker.cache-main:Loading template for "test-view/test-view.ftl"("en", UTF-8, parsed) from "jar:file:/C:/Users/Gyansetu/.m2/repository/com/aventstack/extentreports/3.1.5/extentreports-3.1.5.jar!/com/aventstack/extentreports/view/html-report/test-view/test-view.ftl"
2019-02-06 21:01:02--DEBUG-freemarker.cache-main:Couldn't find template in cache for "test-view/test-view-charts.ftl"("en", UTF-8, parsed); will try to load it.
2019-02-06 21:01:02--DEBUG-freemarker.cache-main:TemplateLoader.findTemplateSource("test-view/test-view-charts_en.ftl"): Not found
2019-02-06 21:01:02--DEBUG-freemarker.cache-main:TemplateLoader.findTemplateSource("test-view/test-view-charts.ftl"): Found
2019-02-06 21:01:02--DEBUG-freemarker.cache-main:Loading template for "test-view/test-view-charts.ftl"("en", UTF-8, parsed) from "jar:file:/C:/Users/Gyansetu/.m2/repository/com/aventstack/extentreports/3.1.5/extentreports-3.1.5.jar!/com/aventstack/extentreports/view/html-report/test-view/test-view-charts.ftl"
2019-02-06 21:01:02--DEBUG-freemarker.cache-main:Couldn't find template in cache for "test-view/standard.ftl"("en", UTF-8, parsed); will try to load it.
2019-02-06 21:01:02--DEBUG-freemarker.cache-main:TemplateLoader.findTemplateSource("test-view/standard_en.ftl"): Not found
2019-02-06 21:01:02--DEBUG-freemarker.cache-main:TemplateLoader.findTemplateSource("test-view/standard.ftl"): Found
2019-02-06 21:01:02--DEBUG-freemarker.cache-main:Loading template for "test-view/standard.ftl"("en", UTF-8, parsed) from "jar:file:/C:/Users/Gyansetu/.m2/repository/com/aventstack/extentreports/3.1.5/extentreports-3.1.5.jar!/com/aventstack/extentreports/view/html-report/test-view/standard.ftl"
2019-02-06 21:01:02--DEBUG-freemarker.cache-main:Couldn't find template in cache for "category-view/category-view.ftl"("en", UTF-8, parsed); will try to load it.
2019-02-06 21:01:02--DEBUG-freemarker.cache-main:TemplateLoader.findTemplateSource("category-view/category-view_en.ftl"): Not found
2019-02-06 21:01:02--DEBUG-freemarker.cache-main:TemplateLoader.findTemplateSource("category-view/category-view.ftl"): Found
2019-02-06 21:01:02--DEBUG-freemarker.cache-main:Loading template for "category-view/category-view.ftl"("en", UTF-8, parsed) from "jar:file:/C:/Users/Gyansetu/.m2/repository/com/aventstack/extentreports/3.1.5/extentreports-3.1.5.jar!/com/aventstack/extentreports/view/html-report/category-view/category-view.ftl"
2019-02-06 21:01:02--DEBUG-freemarker.cache-main:Couldn't find template in cache for "author-view/author-view.ftl"("en", UTF-8, parsed); will try to load it.
2019-02-06 21:01:02--DEBUG-freemarker.cache-main:TemplateLoader.findTemplateSource("author-view/author-view_en.ftl"): Not found
2019-02-06 21:01:02--DEBUG-freemarker.cache-main:TemplateLoader.findTemplateSource("author-view/author-view.ftl"): Found
2019-02-06 21:01:02--DEBUG-freemarker.cache-main:Loading template for "author-view/author-view.ftl"("en", UTF-8, parsed) from "jar:file:/C:/Users/Gyansetu/.m2/repository/com/aventstack/extentreports/3.1.5/extentreports-3.1.5.jar!/com/aventstack/extentreports/view/html-report/author-view/author-view.ftl"
2019-02-06 21:01:02--DEBUG-freemarker.cache-main:Couldn't find template in cache for "exception-view/exception-view.ftl"("en", UTF-8, parsed); will try to load it.
2019-02-06 21:01:02--DEBUG-freemarker.cache-main:TemplateLoader.findTemplateSource("exception-view/exception-view_en.ftl"): Not found
2019-02-06 21:01:02--DEBUG-freemarker.cache-main:TemplateLoader.findTemplateSource("exception-view/exception-view.ftl"): Found
2019-02-06 21:01:02--DEBUG-freemarker.cache-main:Loading template for "exception-view/exception-view.ftl"("en", UTF-8, parsed) from "jar:file:/C:/Users/Gyansetu/.m2/repository/com/aventstack/extentreports/3.1.5/extentreports-3.1.5.jar!/com/aventstack/extentreports/view/html-report/exception-view/exception-view.ftl"
2019-02-06 21:01:02--DEBUG-freemarker.cache-main:Couldn't find template in cache for "dashboard-view/dashboard-view.ftl"("en", UTF-8, parsed); will try to load it.
2019-02-06 21:01:02--DEBUG-freemarker.cache-main:TemplateLoader.findTemplateSource("dashboard-view/dashboard-view_en.ftl"): Not found
2019-02-06 21:01:02--DEBUG-freemarker.cache-main:TemplateLoader.findTemplateSource("dashboard-view/dashboard-view.ftl"): Found
2019-02-06 21:01:02--DEBUG-freemarker.cache-main:Loading template for "dashboard-view/dashboard-view.ftl"("en", UTF-8, parsed) from "jar:file:/C:/Users/Gyansetu/.m2/repository/com/aventstack/extentreports/3.1.5/extentreports-3.1.5.jar!/com/aventstack/extentreports/view/html-report/dashboard-view/dashboard-view.ftl"
2019-02-06 21:01:02--DEBUG-freemarker.cache-main:Couldn't find template in cache for "logs-view/testrunner-logs-view.ftl"("en", UTF-8, parsed); will try to load it.
2019-02-06 21:01:02--DEBUG-freemarker.cache-main:TemplateLoader.findTemplateSource("logs-view/testrunner-logs-view_en.ftl"): Not found
2019-02-06 21:01:02--DEBUG-freemarker.cache-main:TemplateLoader.findTemplateSource("logs-view/testrunner-logs-view.ftl"): Found
2019-02-06 21:01:02--DEBUG-freemarker.cache-main:Loading template for "logs-view/testrunner-logs-view.ftl"("en", UTF-8, parsed) from "jar:file:/C:/Users/Gyansetu/.m2/repository/com/aventstack/extentreports/3.1.5/extentreports-3.1.5.jar!/com/aventstack/extentreports/view/html-report/logs-view/testrunner-logs-view.ftl"
2019-02-08 20:31:29--INFO -baseutil.TestBase-main:Browser instance created
2019-02-08 20:31:31--INFO -baseutil.TestBase-main:Browser Maximized
2019-02-08 20:31:34--INFO -baseutil.TestBase-main:Application Launched
2019-02-08 20:31:34--INFO -utility.SeleniumUtility-main:Value Entered successfully in UserName textbox
2019-02-08 20:31:34--INFO -utility.SeleniumUtility-main:Value Entered successfully in Password textbox
2019-02-08 20:31:39--INFO -utility.SeleniumUtility-main:Clicked successfully on Login Button
2019-02-08 20:31:41--INFO -com.gs.selenium.testcases.LoginTest-main:Browser closed
2019-02-08 20:31:41--DEBUG-freemarker.cache-main:Couldn't find template in cache for "index.ftl"("en", UTF-8, parsed); will try to load it.
2019-02-08 20:31:41--DEBUG-freemarker.cache-main:TemplateLoader.findTemplateSource("index_en.ftl"): Not found
2019-02-08 20:31:41--DEBUG-freemarker.cache-main:TemplateLoader.findTemplateSource("index.ftl"): Found
2019-02-08 20:31:41--DEBUG-freemarker.cache-main:Loading template for "index.ftl"("en", UTF-8, parsed) from "jar:file:/C:/Users/Gyansetu/.m2/repository/com/aventstack/extentreports/3.1.5/extentreports-3.1.5.jar!/com/aventstack/extentreports/view/html-report/index.ftl"
2019-02-08 20:31:41--DEBUG-freemarker.cache-main:Couldn't find template in cache for "head.ftl"("en", UTF-8, parsed); will try to load it.
2019-02-08 20:31:41--DEBUG-freemarker.cache-main:TemplateLoader.findTemplateSource("head_en.ftl"): Not found
2019-02-08 20:31:41--DEBUG-freemarker.cache-main:TemplateLoader.findTemplateSource("head.ftl"): Found
2019-02-08 20:31:41--DEBUG-freemarker.cache-main:Loading template for "head.ftl"("en", UTF-8, parsed) from "jar:file:/C:/Users/Gyansetu/.m2/repository/com/aventstack/extentreports/3.1.5/extentreports-3.1.5.jar!/com/aventstack/extentreports/view/html-report/head.ftl"
2019-02-08 20:31:41--DEBUG-freemarker.cache-main:Couldn't find template in cache for "nav.ftl"("en", UTF-8, parsed); will try to load it.
2019-02-08 20:31:41--DEBUG-freemarker.cache-main:TemplateLoader.findTemplateSource("nav_en.ftl"): Not found
2019-02-08 20:31:41--DEBUG-freemarker.cache-main:TemplateLoader.findTemplateSource("nav.ftl"): Found
2019-02-08 20:31:41--DEBUG-freemarker.cache-main:Loading template for "nav.ftl"("en", UTF-8, parsed) from "jar:file:/C:/Users/Gyansetu/.m2/repository/com/aventstack/extentreports/3.1.5/extentreports-3.1.5.jar!/com/aventstack/extentreports/view/html-report/nav.ftl"
2019-02-08 20:31:42--DEBUG-freemarker.cache-main:Couldn't find template in cache for "test-view/test-view.ftl"("en", UTF-8, parsed); will try to load it.
2019-02-08 20:31:42--DEBUG-freemarker.cache-main:TemplateLoader.findTemplateSource("test-view/test-view_en.ftl"): Not found
2019-02-08 20:31:42--DEBUG-freemarker.cache-main:TemplateLoader.findTemplateSource("test-view/test-view.ftl"): Found
2019-02-08 20:31:42--DEBUG-freemarker.cache-main:Loading template for "test-view/test-view.ftl"("en", UTF-8, parsed) from "jar:file:/C:/Users/Gyansetu/.m2/repository/com/aventstack/extentreports/3.1.5/extentreports-3.1.5.jar!/com/aventstack/extentreports/view/html-report/test-view/test-view.ftl"
2019-02-08 20:31:42--DEBUG-freemarker.cache-main:Couldn't find template in cache for "test-view/test-view-charts.ftl"("en", UTF-8, parsed); will try to load it.
2019-02-08 20:31:42--DEBUG-freemarker.cache-main:TemplateLoader.findTemplateSource("test-view/test-view-charts_en.ftl"): Not found
2019-02-08 20:31:42--DEBUG-freemarker.cache-main:TemplateLoader.findTemplateSource("test-view/test-view-charts.ftl"): Found
2019-02-08 20:31:42--DEBUG-freemarker.cache-main:Loading template for "test-view/test-view-charts.ftl"("en", UTF-8, parsed) from "jar:file:/C:/Users/Gyansetu/.m2/repository/com/aventstack/extentreports/3.1.5/extentreports-3.1.5.jar!/com/aventstack/extentreports/view/html-report/test-view/test-view-charts.ftl"
2019-02-08 20:31:42--DEBUG-freemarker.cache-main:Couldn't find template in cache for "test-view/standard.ftl"("en", UTF-8, parsed); will try to load it.
2019-02-08 20:31:42--DEBUG-freemarker.cache-main:TemplateLoader.findTemplateSource("test-view/standard_en.ftl"): Not found
2019-02-08 20:31:42--DEBUG-freemarker.cache-main:TemplateLoader.findTemplateSource("test-view/standard.ftl"): Found
2019-02-08 20:31:42--DEBUG-freemarker.cache-main:Loading template for "test-view/standard.ftl"("en", UTF-8, parsed) from "jar:file:/C:/Users/Gyansetu/.m2/repository/com/aventstack/extentreports/3.1.5/extentreports-3.1.5.jar!/com/aventstack/extentreports/view/html-report/test-view/standard.ftl"
2019-02-08 20:31:42--DEBUG-freemarker.cache-main:Couldn't find template in cache for "category-view/category-view.ftl"("en", UTF-8, parsed); will try to load it.
2019-02-08 20:31:42--DEBUG-freemarker.cache-main:TemplateLoader.findTemplateSource("category-view/category-view_en.ftl"): Not found
2019-02-08 20:31:42--DEBUG-freemarker.cache-main:TemplateLoader.findTemplateSource("category-view/category-view.ftl"): Found
2019-02-08 20:31:42--DEBUG-freemarker.cache-main:Loading template for "category-view/category-view.ftl"("en", UTF-8, parsed) from "jar:file:/C:/Users/Gyansetu/.m2/repository/com/aventstack/extentreports/3.1.5/extentreports-3.1.5.jar!/com/aventstack/extentreports/view/html-report/category-view/category-view.ftl"
2019-02-08 20:31:42--DEBUG-freemarker.cache-main:Couldn't find template in cache for "author-view/author-view.ftl"("en", UTF-8, parsed); will try to load it.
2019-02-08 20:31:42--DEBUG-freemarker.cache-main:TemplateLoader.findTemplateSource("author-view/author-view_en.ftl"): Not found
2019-02-08 20:31:42--DEBUG-freemarker.cache-main:TemplateLoader.findTemplateSource("author-view/author-view.ftl"): Found
2019-02-08 20:31:42--DEBUG-freemarker.cache-main:Loading template for "author-view/author-view.ftl"("en", UTF-8, parsed) from "jar:file:/C:/Users/Gyansetu/.m2/repository/com/aventstack/extentreports/3.1.5/extentreports-3.1.5.jar!/com/aventstack/extentreports/view/html-report/author-view/author-view.ftl"
2019-02-08 20:31:42--DEBUG-freemarker.cache-main:Couldn't find template in cache for "exception-view/exception-view.ftl"("en", UTF-8, parsed); will try to load it.
2019-02-08 20:31:42--DEBUG-freemarker.cache-main:TemplateLoader.findTemplateSource("exception-view/exception-view_en.ftl"): Not found
2019-02-08 20:31:42--DEBUG-freemarker.cache-main:TemplateLoader.findTemplateSource("exception-view/exception-view.ftl"): Found
2019-02-08 20:31:42--DEBUG-freemarker.cache-main:Loading template for "exception-view/exception-view.ftl"("en", UTF-8, parsed) from "jar:file:/C:/Users/Gyansetu/.m2/repository/com/aventstack/extentreports/3.1.5/extentreports-3.1.5.jar!/com/aventstack/extentreports/view/html-report/exception-view/exception-view.ftl"
2019-02-08 20:31:42--DEBUG-freemarker.cache-main:Couldn't find template in cache for "dashboard-view/dashboard-view.ftl"("en", UTF-8, parsed); will try to load it.
2019-02-08 20:31:42--DEBUG-freemarker.cache-main:TemplateLoader.findTemplateSource("dashboard-view/dashboard-view_en.ftl"): Not found
2019-02-08 20:31:42--DEBUG-freemarker.cache-main:TemplateLoader.findTemplateSource("dashboard-view/dashboard-view.ftl"): Found
2019-02-08 20:31:42--DEBUG-freemarker.cache-main:Loading template for "dashboard-view/dashboard-view.ftl"("en", UTF-8, parsed) from "jar:file:/C:/Users/Gyansetu/.m2/repository/com/aventstack/extentreports/3.1.5/extentreports-3.1.5.jar!/com/aventstack/extentreports/view/html-report/dashboard-view/dashboard-view.ftl"
2019-02-08 20:31:42--DEBUG-freemarker.cache-main:Couldn't find template in cache for "logs-view/testrunner-logs-view.ftl"("en", UTF-8, parsed); will try to load it.
2019-02-08 20:31:42--DEBUG-freemarker.cache-main:TemplateLoader.findTemplateSource("logs-view/testrunner-logs-view_en.ftl"): Not found
2019-02-08 20:31:42--DEBUG-freemarker.cache-main:TemplateLoader.findTemplateSource("logs-view/testrunner-logs-view.ftl"): Found
2019-02-08 20:31:42--DEBUG-freemarker.cache-main:Loading template for "logs-view/testrunner-logs-view.ftl"("en", UTF-8, parsed) from "jar:file:/C:/Users/Gyansetu/.m2/repository/com/aventstack/extentreports/3.1.5/extentreports-3.1.5.jar!/com/aventstack/extentreports/view/html-report/logs-view/testrunner-logs-view.ftl"
